[debug] [2024-09-02T04:03:21.308Z] ----------------------------------------------------------------------
[debug] [2024-09-02T04:03:21.311Z] Command:       C:\Program Files\nodejs\node.exe C:\Users\DDS-6\AppData\Roaming\npm\node_modules\firebase-tools\lib\bin\firebase.js login
[debug] [2024-09-02T04:03:21.312Z] CLI Version:   13.16.0
[debug] [2024-09-02T04:03:21.312Z] Platform:      win32
[debug] [2024-09-02T04:03:21.312Z] Node Version:  v20.17.0
[debug] [2024-09-02T04:03:21.312Z] Time:          Mon Sep 02 2024 09:33:21 GMT+0530 (India Standard Time)
[debug] [2024-09-02T04:03:21.312Z] ----------------------------------------------------------------------
[debug] 
[info] i  Firebase optionally collects CLI and Emulator Suite usage and error reporting information to help improve our products. Data is collected in accordance with Google's privacy policy (https://policies.google.com/privacy) and is not used to identify you.
 
[info] 
[info] Visit this URL on this device to log in:
[info] https://accounts.google.com/o/oauth2/auth?client_id=563584335869-fgrhgmd47bqnekij5i8b5pr03ho849e6.apps.googleusercontent.com&scope=email%20openid%20https%3A%2F%2Fwww.googleapis.com%2Fauth%2Fcloudplatformprojects.readonly%20https%3A%2F%2Fwww.googleapis.com%2Fauth%2Ffirebase%20https%3A%2F%2Fwww.googleapis.com%2Fauth%2Fcloud-platform&response_type=code&state=818231521&redirect_uri=http%3A%2F%2Flocalhost%3A9005
[info] 
[info] Waiting for authentication...
[debug] [2024-09-02T04:09:51.773Z] ----------------------------------------------------------------------
[debug] [2024-09-02T04:09:51.776Z] Command:       C:\Program Files\nodejs\node.exe C:\Users\DDS-6\AppData\Roaming\npm\node_modules\firebase-tools\lib\bin\firebase.js login
[debug] [2024-09-02T04:09:51.776Z] CLI Version:   13.16.0
[debug] [2024-09-02T04:09:51.777Z] Platform:      win32
[debug] [2024-09-02T04:09:51.777Z] Node Version:  v20.17.0
[debug] [2024-09-02T04:09:51.777Z] Time:          Mon Sep 02 2024 09:39:51 GMT+0530 (India Standard Time)
[debug] [2024-09-02T04:09:51.777Z] ----------------------------------------------------------------------
[debug] 
[info] i  Firebase optionally collects CLI and Emulator Suite usage and error reporting information to help improve our products. Data is collected in accordance with Google's privacy policy (https://policies.google.com/privacy) and is not used to identify you.
 
[info] 
[info] Visit this URL on this device to log in:
[info] https://accounts.google.com/o/oauth2/auth?client_id=563584335869-fgrhgmd47bqnekij5i8b5pr03ho849e6.apps.googleusercontent.com&scope=email%20openid%20https%3A%2F%2Fwww.googleapis.com%2Fauth%2Fcloudplatformprojects.readonly%20https%3A%2F%2Fwww.googleapis.com%2Fauth%2Ffirebase%20https%3A%2F%2Fwww.googleapis.com%2Fauth%2Fcloud-platform&response_type=code&state=550874575&redirect_uri=http%3A%2F%2Flocalhost%3A9005
[info] 
[info] Waiting for authentication...
